<?xml version="1.0" encoding="UTF-8"?>
<!-- Generated by org.testng.reporters.JUnitReportReporter -->
<testsuite hostname="Ragavi" failures="0" tests="1" name="TestNgCodes.Assertions.HardAssertEg" time="9.521" errors="0" timestamp="2024-06-07T15:24:00 IST" skipped="0">
  <testcase classname="TestNgCodes.Assertions.HardAssertEg" name="testCase" time="9.521"/>
  <system-out>
    <![CDATA[Demo Web Shop page is displayed
Demo Web Shop. Books page is displayed
Fiction EX product is displayed]]>
  </system-out>
</testsuite> <!-- TestNgCodes.Assertions.HardAssertEg -->
