<?xml version="1.0" encoding="UTF-8"?>
<!-- Generated by org.testng.reporters.JUnitReportReporter -->
<testsuite hostname="Ragavi" failures="0" tests="2" name="TestNgCodes.ConfigureAttributesEg" time="0.016" errors="0" timestamp="2024-06-04T16:41:16 IST" skipped="0">
  <testcase classname="TestNgCodes.ConfigureAttributesEg" name="testCase2" time="0.006"/>
  <system-out/>
  <testcase classname="TestNgCodes.ConfigureAttributesEg" name="testCase1" time="0.010"/>
  <system-out/>
</testsuite> <!-- TestNgCodes.ConfigureAttributesEg -->
