<?xml version="1.0" encoding="UTF-8"?>
<!-- Generated by org.testng.reporters.JUnitReportReporter -->
<testsuite hostname="Ragavi" failures="0" tests="1" name="TestNgCodes.MultipleTestAnnotations" time="0.014" errors="0" timestamp="2024-06-04T14:52:11 IST" skipped="0">
  <testcase classname="TestNgCodes.MultipleTestAnnotations" name="addToCart" time="0.014"/>
  <system-out/>
</testsuite> <!-- TestNgCodes.MultipleTestAnnotations -->
