<?xml version="1.0" encoding="UTF-8"?>
<!-- Generated by org.testng.reporters.JUnitReportReporter -->
<testsuite hostname="Ragavi" failures="0" tests="2" name="TestNgCodes.AnnotationsAttributes.ConfigureAnnotationsEg" time="0.013" errors="0" timestamp="2024-06-09T21:06:23 IST" skipped="0">
  <testcase classname="TestNgCodes.AnnotationsAttributes.ConfigureAnnotationsEg" name="testCase1" time="0.009"/>
  <system-out/>
  <testcase classname="TestNgCodes.AnnotationsAttributes.ConfigureAnnotationsEg" name="testCase2" time="0.004"/>
  <system-out/>
</testsuite> <!-- TestNgCodes.AnnotationsAttributes.ConfigureAnnotationsEg -->
