<?xml version="1.0" encoding="UTF-8"?>
<!-- Generated by org.testng.reporters.JUnitReportReporter -->
<testsuite hostname="Ragavi" failures="0" tests="1" name="POMTestCases.AddToCartTestCase1" time="14.717" errors="0" timestamp="2024-06-04T14:09:29 IST" skipped="0">
  <testcase classname="POMTestCases.AddToCartTestCase1" name="addToCart" time="14.717"/>
  <system-out/>
</testsuite> <!-- POMTestCases.AddToCartTestCase1 -->
