<?xml version="1.0" encoding="UTF-8"?>
<!-- Generated by org.testng.reporters.JUnitReportReporter -->
<testsuite hostname="Ragavi" failures="0" tests="1" name="TestNgCodes.Assertions.SoftAssertEg" time="17.041" errors="0" timestamp="2024-06-07T14:48:10 IST" skipped="0">
  <testcase classname="TestNgCodes.Assertions.SoftAssertEg" name="testCase" time="17.041"/>
  <system-out/>
</testsuite> <!-- TestNgCodes.Assertions.SoftAssertEg -->
