<?xml version="1.0" encoding="UTF-8"?>
<!-- Generated by org.testng.reporters.JUnitReportReporter -->
<testsuite hostname="Ragavi" failures="0" tests="1" name="TestNgCodes.TestCases.TestCase1" time="3.477" errors="0" timestamp="2024-06-05T15:37:42 IST" skipped="0">
  <testcase classname="TestNgCodes.TestCases.TestCase1" name="testCase1" time="3.477"/>
  <system-out/>
</testsuite> <!-- TestNgCodes.TestCases.TestCase1 -->
