<?xml version="1.0" encoding="UTF-8"?>
<!-- Generated by org.testng.reporters.JUnitReportReporter -->
<testsuite hostname="Ragavi" failures="0" tests="1" name="POMTestCases.BooksTestCase2" time="18.860" errors="0" timestamp="2024-06-03T16:05:39 IST" skipped="0">
  <testcase classname="POMTestCases.BooksTestCase2" name="booksTestCase2" time="18.860"/>
  <system-out/>
</testsuite> <!-- POMTestCases.BooksTestCase2 -->
