<?xml version="1.0" encoding="UTF-8"?>
<!-- Generated by org.testng.reporters.JUnitReportReporter -->
<testsuite hostname="Ragavi" failures="0" tests="5" name="TestNgCodes.InvocationCountEg" time="36.687" errors="0" timestamp="2024-06-04T15:26:49 IST" skipped="0">
  <testcase classname="TestNgCodes.InvocationCountEg" name="testCase" time="6.058"/>
  <system-out/>
  <testcase classname="TestNgCodes.InvocationCountEg" name="testCase" time="6.026"/>
  <system-out/>
  <testcase classname="TestNgCodes.InvocationCountEg" name="testCase" time="12.545"/>
  <system-out/>
  <testcase classname="TestNgCodes.InvocationCountEg" name="testCase" time="6.107"/>
  <system-out/>
  <testcase classname="TestNgCodes.InvocationCountEg" name="testCase" time="5.951"/>
  <system-out/>
</testsuite> <!-- TestNgCodes.InvocationCountEg -->
