<?xml version="1.0" encoding="UTF-8"?>
<!-- Generated by org.testng.reporters.JUnitReportReporter -->
<testsuite hostname="Ragavi" failures="0" tests="1" name="POMTestCases.SearchProductTestCase1" time="17.624" errors="0" timestamp="2024-06-04T14:08:14 IST" skipped="0">
  <testcase classname="POMTestCases.SearchProductTestCase1" name="searchProductTestcase" time="17.624"/>
  <system-out/>
</testsuite> <!-- POMTestCases.SearchProductTestCase1 -->
