<?xml version="1.0" encoding="UTF-8"?>
<!-- Generated by org.testng.reporters.JUnitReportReporter -->
<testsuite hostname="Ragavi" failures="0" tests="1" name="POMTestCases.AddToCartTestCase1" time="16.101" errors="0" timestamp="2024-06-07T15:17:37 IST" skipped="0">
  <testcase classname="POMTestCases.AddToCartTestCase1" name="addToCart" time="16.101"/>
  <system-out/>
</testsuite> <!-- POMTestCases.AddToCartTestCase1 -->
