<?xml version="1.0" encoding="UTF-8"?>
<!-- Generated by org.testng.reporters.JUnitReportReporter -->
<testsuite hostname="Ragavi" failures="0" tests="1" name="POMTestCases.BooksTestCase2" time="9.781" errors="0" timestamp="2024-06-07T15:17:37 IST" skipped="0">
  <testcase classname="POMTestCases.BooksTestCase2" name="booksTestCase2" time="9.781"/>
  <system-out/>
</testsuite> <!-- POMTestCases.BooksTestCase2 -->
