<?xml version="1.0" encoding="UTF-8"?>
<!-- Generated by org.testng.reporters.JUnitReportReporter -->
<testsuite hostname="Ragavi" failures="0" tests="1" name="TestNgCodes.TestAnnotationEg" time="0.011" errors="0" timestamp="2024-06-03T15:26:03 IST" skipped="0">
  <testcase classname="TestNgCodes.TestAnnotationEg" name="testCase" time="0.011"/>
  <system-out/>
</testsuite> <!-- TestNgCodes.TestAnnotationEg -->
