<?xml version="1.0" encoding="UTF-8"?>
<!-- Generated by org.testng.reporters.JUnitReportReporter -->
<testsuite hostname="Ragavi" failures="0" tests="1" name="POMTestCases.BooksTestCase1" time="7.523" errors="0" timestamp="2024-06-07T15:17:37 IST" skipped="0">
  <testcase classname="POMTestCases.BooksTestCase1" name="booksTestCase1" time="7.523"/>
  <system-out/>
</testsuite> <!-- POMTestCases.BooksTestCase1 -->
